# JRE version: Java(TM) SE Runtime Environment (7.0_75-b13) (build 1.7.0_75-b13)
# Java VM: Java HotSpot(TM) 64-Bit Server VM (24.75-b04 mixed mode bsd-amd64 compressed oops)
Heap
 PSYoungGen      total 20992K, used 3090K [0x00000007eaa80000, 0x00000007ec380000, 0x0000000800000000)
  eden space 16384K, 18% used [0x00000007eaa80000,0x00000007ead849a0,0x00000007eba80000)
  from space 4608K, 0% used [0x00000007ebf00000,0x00000007ebf00000,0x00000007ec380000)
  to   space 4608K, 0% used [0x00000007eba80000,0x00000007eba80000,0x00000007ebf00000)
 ParOldGen       total 49664K, used 20348K [0x00000007c0000000, 0x00000007c3080000, 0x00000007eaa80000)
  object space 49664K, 40% used [0x00000007c0000000,0x00000007c13df190,0x00000007c3080000)
 PSPermGen       total 22016K, used 10793K [0x00000007bae00000, 0x00000007bc380000, 0x00000007c0000000)
  object space 22016K, 49% used [0x00000007bae00000,0x00000007bb88a448,0x00000007bc380000)
GC Heap History (10 events):
Event: 220.665 GC heap before
{Heap before GC invocations=33 (full 0):
 PSYoungGen      total 20480K, used 16992K [0x00000007eaa80000, 0x00000007ec200000, 0x0000000800000000)
  eden space 16896K, 100% used [0x00000007eaa80000,0x00000007ebb00000,0x00000007ebb00000)
  from space 3584K, 2% used [0x00000007ebe80000,0x00000007ebe98000,0x00000007ec200000)
  to   space 3584K, 0% used [0x00000007ebb00000,0x00000007ebb00000,0x00000007ebe80000)
 ParOldGen       total 43520K, used 15740K [0x00000007c0000000, 0x00000007c2a80000, 0x00000007eaa80000)
  object space 43520K, 36% used [0x00000007c0000000,0x00000007c0f5f2d8,0x00000007c2a80000)
 PSPermGen       total 21504K, used 10792K [0x00000007bae00000, 0x00000007bc300000, 0x00000007c0000000)
  object space 21504K, 50% used [0x00000007bae00000,0x00000007bb88a130,0x00000007bc300000)
Event: 220.667 GC heap after
Heap after GC invocations=33 (full 0):
 PSYoungGen      total 20480K, used 1600K [0x00000007eaa80000, 0x00000007ec200000, 0x0000000800000000)
  eden space 16896K, 0% used [0x00000007eaa80000,0x00000007eaa80000,0x00000007ebb00000)
  from space 3584K, 44% used [0x00000007ebb00000,0x00000007ebc90000,0x00000007ebe80000)
  to   space 3584K, 0% used [0x00000007ebe80000,0x00000007ebe80000,0x00000007ec200000)
 ParOldGen       total 43520K, used 15772K [0x00000007c0000000, 0x00000007c2a80000, 0x00000007eaa80000)
  object space 43520K, 36% used [0x00000007c0000000,0x00000007c0f672d8,0x00000007c2a80000)
 PSPermGen       total 21504K, used 10792K [0x00000007bae00000, 0x00000007bc300000, 0x00000007c0000000)
  object space 21504K, 50% used [0x00000007bae00000,0x00000007bb88a130,0x00000007bc300000)
}
Event: 266.136 GC heap before
{Heap before GC invocations=34 (full 0):
 PSYoungGen      total 20480K, used 16197K [0x00000007eaa80000, 0x00000007ec200000, 0x0000000800000000)
  eden space 16896K, 86% used [0x00000007eaa80000,0x00000007eb8c14c8,0x00000007ebb00000)
  from space 3584K, 44% used [0x00000007ebb00000,0x00000007ebc90000,0x00000007ebe80000)
  to   space 3584K, 0% used [0x00000007ebe80000,0x00000007ebe80000,0x00000007ec200000)
 ParOldGen       total 43520K, used 15772K [0x00000007c0000000, 0x00000007c2a80000, 0x00000007eaa80000)
  object space 43520K, 36% used [0x00000007c0000000,0x00000007c0f672d8,0x00000007c2a80000)
 PSPermGen       total 21504K, used 10795K [0x00000007bae00000, 0x00000007bc300000, 0x00000007c0000000)
  object space 21504K, 50% used [0x00000007bae00000,0x00000007bb88ae20,0x00000007bc300000)
Event: 266.155 GC heap after
Heap after GC invocations=34 (full 0):
 PSYoungGen      total 19968K, used 3216K [0x00000007eaa80000, 0x00000007ec300000, 0x0000000800000000)
  eden space 16384K, 0% used [0x00000007eaa80000,0x00000007eaa80000,0x00000007eba80000)
  from space 3584K, 89% used [0x00000007ebe80000,0x00000007ec1a4178,0x00000007ec200000)
  to   space 4096K, 0% used [0x00000007eba80000,0x00000007eba80000,0x00000007ebe80000)
 ParOldGen       total 43520K, used 24863K [0x00000007c0000000, 0x00000007c2a80000, 0x00000007eaa80000)
  object space 43520K, 57% used [0x00000007c0000000,0x00000007c1847c90,0x00000007c2a80000)
 PSPermGen       total 21504K, used 10795K [0x00000007bae00000, 0x00000007bc300000, 0x00000007c0000000)
  object space 21504K, 50% used [0x00000007bae00000,0x00000007bb88ae20,0x00000007bc300000)
}
Event: 285.180 GC heap before
{Heap before GC invocations=35 (full 0):
 PSYoungGen      total 19968K, used 18872K [0x00000007eaa80000, 0x00000007ec300000, 0x0000000800000000)
  eden space 16384K, 95% used [0x00000007eaa80000,0x00000007eb9c9ec8,0x00000007eba80000)
  from space 3584K, 89% used [0x00000007ebe80000,0x00000007ec1a4178,0x00000007ec200000)
  to   space 4096K, 0% used [0x00000007eba80000,0x00000007eba80000,0x00000007ebe80000)
 ParOldGen       total 43520K, used 24863K [0x00000007c0000000, 0x00000007c2a80000, 0x00000007eaa80000)
  object space 43520K, 57% used [0x00000007c0000000,0x00000007c1847c90,0x00000007c2a80000)
 PSPermGen       total 21504K, used 10796K [0x00000007bae00000, 0x00000007bc300000, 0x00000007c0000000)
  object space 21504K, 50% used [0x00000007bae00000,0x00000007bb88b310,0x00000007bc300000)
Event: 285.241 GC heap after
Heap after GC invocations=35 (full 0):
 PSYoungGen      total 20480K, used 3141K [0x00000007eaa80000, 0x00000007ec380000, 0x0000000800000000)
  eden space 16384K, 0% used [0x00000007eaa80000,0x00000007eaa80000,0x00000007eba80000)
  from space 4096K, 76% used [0x00000007eba80000,0x00000007ebd91420,0x00000007ebe80000)
  to   space 4608K, 0% used [0x00000007ebf00000,0x00000007ebf00000,0x00000007ec380000)
 ParOldGen       total 43520K, used 34152K [0x00000007c0000000, 0x00000007c2a80000, 0x00000007eaa80000)
  object space 43520K, 78% used [0x00000007c0000000,0x00000007c215a0f8,0x00000007c2a80000)
 PSPermGen       total 21504K, used 10796K [0x00000007bae00000, 0x00000007bc300000, 0x00000007c0000000)
  object space 21504K, 50% used [0x00000007bae00000,0x00000007bb88b310,0x00000007bc300000)
}
Event: 300.536 GC heap before
{Heap before GC invocations=36 (full 0):
 PSYoungGen      total 20480K, used 18732K [0x00000007eaa80000, 0x00000007ec380000, 0x0000000800000000)
  eden space 16384K, 95% used [0x00000007eaa80000,0x00000007eb9b9f70,0x00000007eba80000)
  from space 4096K, 76% used [0x00000007eba80000,0x00000007ebd91420,0x00000007ebe80000)
  to   space 4608K, 0% used [0x00000007ebf00000,0x00000007ebf00000,0x00000007ec380000)
 ParOldGen       total 43520K, used 34152K [0x00000007c0000000, 0x00000007c2a80000, 0x00000007eaa80000)
  object space 43520K, 78% used [0x00000007c0000000,0x00000007c215a0f8,0x00000007c2a80000)
 PSPermGen       total 21504K, used 10796K [0x00000007bae00000, 0x00000007bc300000, 0x00000007c0000000)
  object space 21504K, 50% used [0x00000007bae00000,0x00000007bb88b310,0x00000007bc300000)
Event: 300.558 GC heap after
Heap after GC invocations=36 (full 0):
 PSYoungGen      total 20992K, used 3109K [0x00000007eaa80000, 0x00000007ec380000, 0x0000000800000000)
  eden space 16384K, 0% used [0x00000007eaa80000,0x00000007eaa80000,0x00000007eba80000)
  from space 4608K, 67% used [0x00000007ebf00000,0x00000007ec209420,0x00000007ec380000)
  to   space 4608K, 0% used [0x00000007eba80000,0x00000007eba80000,0x00000007ebf00000)
 ParOldGen       total 50688K, used 49442K [0x00000007c0000000, 0x00000007c3180000, 0x00000007eaa80000)
  object space 50688K, 97% used [0x00000007c0000000,0x00000007c30488c0,0x00000007c3180000)
 PSPermGen       total 21504K, used 10796K [0x00000007bae00000, 0x00000007bc300000, 0x00000007c0000000)
  object space 21504K, 50% used [0x00000007bae00000,0x00000007bb88b310,0x00000007bc300000)
}
Event: 300.560 GC heap before
{Heap before GC invocations=37 (full 1):
 PSYoungGen      total 20992K, used 3109K [0x00000007eaa80000, 0x00000007ec380000, 0x0000000800000000)
  eden space 16384K, 0% used [0x00000007eaa80000,0x00000007eaa80000,0x00000007eba80000)
  from space 4608K, 67% used [0x00000007ebf00000,0x00000007ec209420,0x00000007ec380000)
  to   space 4608K, 0% used [0x00000007eba80000,0x00000007eba80000,0x00000007ebf00000)
 ParOldGen       total 50688K, used 49442K [0x00000007c0000000, 0x00000007c3180000, 0x00000007eaa80000)
  object space 50688K, 97% used [0x00000007c0000000,0x00000007c30488c0,0x00000007c3180000)
 PSPermGen       total 21504K, used 10796K [0x00000007bae00000, 0x00000007bc300000, 0x00000007c0000000)
  object space 21504K, 50% used [0x00000007bae00000,0x00000007bb88b310,0x00000007bc300000)
Event: 300.656 GC heap after
Heap after GC invocations=37 (full 1):
 PSYoungGen      total 20992K, used 0K [0x00000007eaa80000, 0x00000007ec380000, 0x0000000800000000)
  eden space 16384K, 0% used [0x00000007eaa80000,0x00000007eaa80000,0x00000007eba80000)
  from space 4608K, 0% used [0x00000007ebf00000,0x00000007ebf00000,0x00000007ec380000)
  to   space 4608K, 0% used [0x00000007eba80000,0x00000007eba80000,0x00000007ebf00000)
 ParOldGen       total 49664K, used 20348K [0x00000007c0000000, 0x00000007c3080000, 0x00000007eaa80000)
  object space 49664K, 40% used [0x00000007c0000000,0x00000007c13df190,0x00000007c3080000)
 PSPermGen       total 22016K, used 10792K [0x00000007bae00000, 0x00000007bc380000, 0x00000007c0000000)
  object space 22016K, 49% used [0x00000007bae00000,0x00000007bb88a3a0,0x00000007bc380000)
}

